<?xml version="1.0" encoding="UTF-8"?>
<robot generator="Robot 3.2.1 (Python 3.7.3 on darwin)" generated="20200728 19:06:13.240" rpa="false">
<suite id="s1" name="Demostore Home Smoke" source="/Users/akinfu/misc/other_projects/robot-framework-demo-tests/tests/demostore_home_smoke.robot">
<test id="s1-t1" name="adfrun keyword if any tests failed">
<kw name="Open Browser" library="SeleniumLibrary">
<doc>Opens a new browser instance to the optional ``url``.</doc>
<arguments>
<arg>http://demostore.supersqa.com</arg>
<arg>Chrome</arg>
</arguments>
<msg timestamp="20200728 19:06:13.446" level="INFO">Opening browser 'Chrome' to base url 'http://demostore.supersqa.com'.</msg>
<status status="PASS" starttime="20200728 19:06:13.446" endtime="20200728 19:06:21.342"></status>
</kw>
<tags>
<tag>smoke</tag>
</tags>
<status status="PASS" starttime="20200728 19:06:13.445" endtime="20200728 19:06:21.343" critical="yes"></status>
</test>
<status status="PASS" starttime="20200728 19:06:13.242" endtime="20200728 19:06:21.344"></status>
</suite>
<statistics>
<total>
<stat pass="1" fail="0">Critical Tests</stat>
<stat pass="1" fail="0">All Tests</stat>
</total>
<tag>
<stat pass="1" fail="0">smoke</stat>
</tag>
<suite>
<stat pass="1" fail="0" id="s1" name="Demostore Home Smoke">Demostore Home Smoke</stat>
</suite>
</statistics>
<errors>
</errors>
</robot>
